<?xml version="1.0" encoding="UTF-8"?>
<!-- Generated by org.testng.reporters.JUnitXMLReporter -->
<testsuite hostname="LAPTOP-SWARA" name="test1" tests="9" failures="1" timestamp="24 Jul 2022 12:37:03 GMT" time="67.776" errors="0">
  <testcase name="openurl" time="14.155" classname="com.test.Vagrant.Test1"/>
  <testcase name="film" time="4.939" classname="com.test.Vagrant.Test1"/>
  <testcase name="date" time="12.153" classname="com.test.Vagrant.Test1"/>
  <testcase name="country" time="0.073" classname="com.test.Vagrant.Test1"/>
  <testcase name="openurl" time="6.028" classname="com.test.Vagrant.Test2"/>
  <testcase name="film_test" time="4.23" classname="com.test.Vagrant.Test2"/>
  <testcase name="date_test" time="6.089" classname="com.test.Vagrant.Test2"/>
  <testcase name="country_test" time="2.06" classname="com.test.Vagrant.Test2"/>
  <testcase name="verification" time="0.001" classname="com.test.Vagrant.Test2">
    <failure type="java.lang.NullPointerException">
      <![CDATA[java.lang.NullPointerException
	at com.test.Vagrant.Test2.verification(Test2.java:54)
... Removed 24 stack frames]]>
    </failure>
  </testcase> <!-- verification -->
</testsuite> <!-- test1 -->
