<?xml version="1.0" encoding="UTF-8"?>
<!-- Generated by org.testng.reporters.JUnitXMLReporter -->
<testsuite hostname="LAPTOP-SWARA" name="Default test" tests="3" failures="0" timestamp="24 Jul 2022 06:38:50 GMT" time="50.682" errors="0">
  <testcase name="film" time="8.429" classname="com.test.Vagrant.Test1"/>
  <testcase name="date" time="9.654" classname="com.test.Vagrant.Test1"/>
  <testcase name="country" time="0.038" classname="com.test.Vagrant.Test1"/>
</testsuite> <!-- Default test -->
