<?xml version="1.0" encoding="UTF-8"?>
<testng-results skipped="0" failed="1" total="9" passed="8">
  <reporter-output>
  </reporter-output>
  <suite name="Suite" duration-ms="67776" started-at="2022-07-24T12:35:55Z" finished-at="2022-07-24T12:37:03Z">
    <groups>
    </groups>
    <test name="test1" duration-ms="67776" started-at="2022-07-24T12:35:55Z" finished-at="2022-07-24T12:37:03Z">
      <class name="com.test.Vagrant.Test1">
        <test-method status="PASS" signature="openurl()[pri:0, instance:com.test.Vagrant.Test1@3cb5cdba]" name="openurl" duration-ms="14155" started-at="2022-07-24T18:06:13Z" finished-at="2022-07-24T18:06:27Z">
          <reporter-output>
          </reporter-output>
        </test-method> <!-- openurl -->
        <test-method status="PASS" signature="film()[pri:0, instance:com.test.Vagrant.Test1@3cb5cdba]" name="film" duration-ms="4939" started-at="2022-07-24T18:06:27Z" finished-at="2022-07-24T18:06:32Z">
          <reporter-output>
          </reporter-output>
        </test-method> <!-- film -->
        <test-method status="PASS" signature="date()[pri:0, instance:com.test.Vagrant.Test1@3cb5cdba]" name="date" duration-ms="12153" started-at="2022-07-24T18:06:32Z" finished-at="2022-07-24T18:06:44Z">
          <reporter-output>
          </reporter-output>
        </test-method> <!-- date -->
        <test-method status="PASS" signature="country()[pri:0, instance:com.test.Vagrant.Test1@3cb5cdba]" name="country" duration-ms="73" started-at="2022-07-24T18:06:44Z" finished-at="2022-07-24T18:06:44Z">
          <reporter-output>
          </reporter-output>
        </test-method> <!-- country -->
      </class> <!-- com.test.Vagrant.Test1 -->
      <class name="com.test.Vagrant.Test2">
        <test-method status="PASS" signature="initialize()[pri:0, instance:com.test.Vagrant.Test2@5a01ccaa]" name="initialize" is-config="true" duration-ms="18011" started-at="2022-07-24T18:05:55Z" finished-at="2022-07-24T18:06:13Z">
          <reporter-output>
          </reporter-output>
        </test-method> <!-- initialize -->
        <test-method status="PASS" signature="openurl()[pri:0, instance:com.test.Vagrant.Test2@5a01ccaa]" name="openurl" duration-ms="6028" started-at="2022-07-24T18:06:44Z" finished-at="2022-07-24T18:06:50Z">
          <reporter-output>
          </reporter-output>
        </test-method> <!-- openurl -->
        <test-method status="PASS" signature="film_test()[pri:0, instance:com.test.Vagrant.Test2@5a01ccaa]" name="film_test" duration-ms="4230" started-at="2022-07-24T18:06:50Z" finished-at="2022-07-24T18:06:54Z">
          <reporter-output>
          </reporter-output>
        </test-method> <!-- film_test -->
        <test-method status="PASS" signature="date_test()[pri:0, instance:com.test.Vagrant.Test2@5a01ccaa]" name="date_test" duration-ms="6089" started-at="2022-07-24T18:06:54Z" finished-at="2022-07-24T18:07:00Z">
          <reporter-output>
          </reporter-output>
        </test-method> <!-- date_test -->
        <test-method status="PASS" signature="country_test()[pri:0, instance:com.test.Vagrant.Test2@5a01ccaa]" name="country_test" duration-ms="2060" started-at="2022-07-24T18:07:00Z" finished-at="2022-07-24T18:07:03Z">
          <reporter-output>
          </reporter-output>
        </test-method> <!-- country_test -->
        <test-method status="FAIL" signature="verification()[pri:0, instance:com.test.Vagrant.Test2@5a01ccaa]" name="verification" duration-ms="1" started-at="2022-07-24T18:07:03Z" finished-at="2022-07-24T18:07:03Z">
          <exception class="java.lang.NullPointerException">
            <full-stacktrace>
              <![CDATA[java.lang.NullPointerException
	at com.test.Vagrant.Test2.verification(Test2.java:54)
	at sun.reflect.NativeMethodAccessorImpl.invoke0(Native Method)
	at sun.reflect.NativeMethodAccessorImpl.invoke(NativeMethodAccessorImpl.java:62)
	at sun.reflect.DelegatingMethodAccessorImpl.invoke(DelegatingMethodAccessorImpl.java:43)
	at java.lang.reflect.Method.invoke(Method.java:498)
	at org.testng.internal.MethodInvocationHelper.invokeMethod(MethodInvocationHelper.java:84)
	at org.testng.internal.Invoker.invokeMethod(Invoker.java:714)
	at org.testng.internal.Invoker.invokeTestMethod(Invoker.java:901)
	at org.testng.internal.Invoker.invokeTestMethods(Invoker.java:1231)
	at org.testng.internal.TestMethodWorker.invokeTestMethods(TestMethodWorker.java:127)
	at org.testng.internal.TestMethodWorker.run(TestMethodWorker.java:111)
	at org.testng.TestRunner.privateRun(TestRunner.java:767)
	at org.testng.TestRunner.run(TestRunner.java:617)
	at org.testng.SuiteRunner.runTest(SuiteRunner.java:348)
	at org.testng.SuiteRunner.runSequentially(SuiteRunner.java:343)
	at org.testng.SuiteRunner.privateRun(SuiteRunner.java:305)
	at org.testng.SuiteRunner.run(SuiteRunner.java:254)
	at org.testng.SuiteRunnerWorker.runSuite(SuiteRunnerWorker.java:52)
	at org.testng.SuiteRunnerWorker.run(SuiteRunnerWorker.java:86)
	at org.testng.TestNG.runSuitesSequentially(TestNG.java:1224)
	at org.testng.TestNG.runSuitesLocally(TestNG.java:1149)
	at org.testng.TestNG.run(TestNG.java:1057)
	at org.testng.remote.RemoteTestNG.run(RemoteTestNG.java:111)
	at org.testng.remote.RemoteTestNG.initAndRun(RemoteTestNG.java:204)
	at org.testng.remote.RemoteTestNG.main(RemoteTestNG.java:175)
]]>
            </full-stacktrace>
          </exception> <!-- java.lang.NullPointerException -->
          <reporter-output>
          </reporter-output>
        </test-method> <!-- verification -->
        <test-method status="PASS" signature="closure()[pri:0, instance:com.test.Vagrant.Test2@5a01ccaa]" name="closure" is-config="true" duration-ms="1511" started-at="2022-07-24T18:07:03Z" finished-at="2022-07-24T18:07:04Z">
          <reporter-output>
          </reporter-output>
        </test-method> <!-- closure -->
      </class> <!-- com.test.Vagrant.Test2 -->
    </test> <!-- test1 -->
  </suite> <!-- Suite -->
</testng-results>
